<?xml version="1.0" encoding="UTF-8"?>
<testng-results skipped="0" failed="5" ignored="0" total="10" passed="5">
  <reporter-output>
  </reporter-output>
  <suite name="Suite" duration-ms="123004" started-at="2020-10-08T15:16:26Z" finished-at="2020-10-08T15:18:29Z">
    <groups>
    </groups>
    <test name="SampleTest" duration-ms="123004" started-at="2020-10-08T15:16:26Z" finished-at="2020-10-08T15:18:29Z">
      <class name="programs.bootstrapdropdown">
        <test-method status="PASS" signature="bootstrap()[pri:0, instance:programs.bootstrapdropdown@b1cc93]" name="bootstrap" is-config="true" duration-ms="7438" started-at="2020-10-08T20:46:36Z" finished-at="2020-10-08T20:46:44Z">
          <reporter-output>
          </reporter-output>
        </test-method> <!-- bootstrap -->
        <test-method status="PASS" signature="bootstrap1()[pri:1, instance:programs.bootstrapdropdown@b1cc93]" name="bootstrap1" duration-ms="16510" started-at="2020-10-08T20:46:44Z" finished-at="2020-10-08T20:47:00Z">
          <reporter-output>
          </reporter-output>
        </test-method> <!-- bootstrap1 -->
        <test-method status="PASS" signature="teardown(org.testng.ITestResult)[pri:0, instance:programs.bootstrapdropdown@b1cc93]" name="teardown" is-config="true" duration-ms="1773" started-at="2020-10-08T20:47:00Z" finished-at="2020-10-08T20:47:02Z">
          <params>
            <param index="0">
              <value>
                <![CDATA[[TestResult name=bootstrap1 status=SUCCESS method=bootstrapdropdown.bootstrap1()[pri:1, instance:programs.bootstrapdropdown@b1cc93] output={null}]]]>
              </value>
            </param>
          </params>
          <reporter-output>
          </reporter-output>
        </test-method> <!-- teardown -->
        <test-method status="PASS" signature="bootstrap()[pri:0, instance:programs.bootstrapdropdown@b1cc93]" name="bootstrap" is-config="true" duration-ms="7507" started-at="2020-10-08T20:47:18Z" finished-at="2020-10-08T20:47:25Z">
          <reporter-output>
          </reporter-output>
        </test-method> <!-- bootstrap -->
        <test-method status="PASS" signature="bootstrap2()[pri:2, instance:programs.bootstrapdropdown@b1cc93]" name="bootstrap2" duration-ms="9821" started-at="2020-10-08T20:47:25Z" finished-at="2020-10-08T20:47:35Z">
          <reporter-output>
          </reporter-output>
        </test-method> <!-- bootstrap2 -->
        <test-method status="PASS" signature="teardown(org.testng.ITestResult)[pri:0, instance:programs.bootstrapdropdown@b1cc93]" name="teardown" is-config="true" duration-ms="1392" started-at="2020-10-08T20:47:35Z" finished-at="2020-10-08T20:47:37Z">
          <params>
            <param index="0">
              <value>
                <![CDATA[[TestResult name=bootstrap2 status=SUCCESS method=bootstrapdropdown.bootstrap2()[pri:2, instance:programs.bootstrapdropdown@b1cc93] output={null}]]]>
              </value>
            </param>
          </params>
          <reporter-output>
          </reporter-output>
        </test-method> <!-- teardown -->
        <test-method status="PASS" signature="bootstrap()[pri:0, instance:programs.bootstrapdropdown@b1cc93]" name="bootstrap" is-config="true" duration-ms="7317" started-at="2020-10-08T20:47:55Z" finished-at="2020-10-08T20:48:02Z">
          <reporter-output>
          </reporter-output>
        </test-method> <!-- bootstrap -->
        <test-method status="PASS" signature="bootstrap3()[pri:3, instance:programs.bootstrapdropdown@b1cc93]" name="bootstrap3" duration-ms="469" started-at="2020-10-08T20:48:02Z" finished-at="2020-10-08T20:48:03Z">
          <reporter-output>
          </reporter-output>
        </test-method> <!-- bootstrap3 -->
        <test-method status="PASS" signature="teardown(org.testng.ITestResult)[pri:0, instance:programs.bootstrapdropdown@b1cc93]" name="teardown" is-config="true" duration-ms="1247" started-at="2020-10-08T20:48:03Z" finished-at="2020-10-08T20:48:04Z">
          <params>
            <param index="0">
              <value>
                <![CDATA[[TestResult name=bootstrap3 status=SUCCESS method=bootstrapdropdown.bootstrap3()[pri:3, instance:programs.bootstrapdropdown@b1cc93] output={null}]]]>
              </value>
            </param>
          </params>
          <reporter-output>
          </reporter-output>
        </test-method> <!-- teardown -->
        <test-method status="PASS" signature="bootstrap()[pri:0, instance:programs.bootstrapdropdown@b1cc93]" name="bootstrap" is-config="true" duration-ms="7495" started-at="2020-10-08T20:48:04Z" finished-at="2020-10-08T20:48:11Z">
          <reporter-output>
          </reporter-output>
        </test-method> <!-- bootstrap -->
        <test-method status="FAIL" signature="bootstrap4()[pri:4, instance:programs.bootstrapdropdown@b1cc93]" name="bootstrap4" duration-ms="11287" started-at="2020-10-08T20:48:11Z" finished-at="2020-10-08T20:48:23Z">
          <exception class="java.lang.AssertionError">
            <message>
              <![CDATA[failed due to mismatch: lists don't have the same size expected [0] but found [14]]]>
            </message>
            <full-stacktrace>
              <![CDATA[java.lang.AssertionError: failed due to mismatch: lists don't have the same size expected [0] but found [14]
	at org.testng.Assert.fail(Assert.java:94)
	at org.testng.Assert.failNotEquals(Assert.java:513)
	at org.testng.Assert.assertEqualsImpl(Assert.java:135)
	at org.testng.Assert.assertEquals(Assert.java:116)
	at org.testng.Assert.assertEquals(Assert.java:389)
	at org.testng.Assert.assertEquals(Assert.java:556)
	at programs.bootstrapdropdown.bootstrap4(bootstrapdropdown.java:133)
	at sun.reflect.NativeMethodAccessorImpl.invoke0(Native Method)
	at sun.reflect.NativeMethodAccessorImpl.invoke(NativeMethodAccessorImpl.java:62)
	at sun.reflect.DelegatingMethodAccessorImpl.invoke(DelegatingMethodAccessorImpl.java:43)
	at java.lang.reflect.Method.invoke(Method.java:498)
	at org.testng.internal.MethodInvocationHelper.invokeMethod(MethodInvocationHelper.java:104)
	at org.testng.internal.Invoker.invokeMethod(Invoker.java:645)
	at org.testng.internal.Invoker.invokeTestMethod(Invoker.java:851)
	at org.testng.internal.Invoker.invokeTestMethods(Invoker.java:1177)
	at org.testng.internal.TestMethodWorker.invokeTestMethods(TestMethodWorker.java:129)
	at org.testng.internal.TestMethodWorker.run(TestMethodWorker.java:112)
	at org.testng.TestRunner.privateRun(TestRunner.java:756)
	at org.testng.TestRunner.run(TestRunner.java:610)
	at org.testng.SuiteRunner.runTest(SuiteRunner.java:387)
	at org.testng.SuiteRunner.runSequentially(SuiteRunner.java:382)
	at org.testng.SuiteRunner.privateRun(SuiteRunner.java:340)
	at org.testng.SuiteRunner.run(SuiteRunner.java:289)
	at org.testng.SuiteRunnerWorker.runSuite(SuiteRunnerWorker.java:52)
	at org.testng.SuiteRunnerWorker.run(SuiteRunnerWorker.java:86)
	at org.testng.TestNG.runSuitesSequentially(TestNG.java:1293)
	at org.testng.TestNG.runSuitesLocally(TestNG.java:1218)
	at org.testng.TestNG.runSuites(TestNG.java:1133)
	at org.testng.TestNG.run(TestNG.java:1104)
	at org.testng.remote.AbstractRemoteTestNG.run(AbstractRemoteTestNG.java:115)
	at org.testng.remote.RemoteTestNG.initAndRun(RemoteTestNG.java:251)
	at org.testng.remote.RemoteTestNG.main(RemoteTestNG.java:77)
]]>
            </full-stacktrace>
          </exception> <!-- java.lang.AssertionError -->
          <reporter-output>
          </reporter-output>
        </test-method> <!-- bootstrap4 -->
        <test-method status="PASS" signature="teardown(org.testng.ITestResult)[pri:0, instance:programs.bootstrapdropdown@b1cc93]" name="teardown" is-config="true" duration-ms="896" started-at="2020-10-08T20:48:23Z" finished-at="2020-10-08T20:48:24Z">
          <params>
            <param index="0">
              <value>
                <![CDATA[[TestResult name=bootstrap4 status=FAILURE method=bootstrapdropdown.bootstrap4()[pri:4, instance:programs.bootstrapdropdown@b1cc93] output={null}]]]>
              </value>
            </param>
          </params>
          <reporter-output>
          </reporter-output>
        </test-method> <!-- teardown -->
      </class> <!-- programs.bootstrapdropdown -->
      <class name="programs.positions">
        <test-method status="PASS" signature="reportsetup()[pri:0, instance:programs.positions@646153]" name="reportsetup" is-config="true" duration-ms="0" started-at="2020-10-08T20:47:02Z" finished-at="2020-10-08T20:47:02Z">
          <reporter-output>
          </reporter-output>
        </test-method> <!-- reportsetup -->
        <test-method status="PASS" signature="browserlaunch()[pri:0, instance:programs.positions@646153]" name="browserlaunch" is-config="true" duration-ms="4869" started-at="2020-10-08T20:47:02Z" finished-at="2020-10-08T20:47:07Z">
          <reporter-output>
          </reporter-output>
        </test-method> <!-- browserlaunch -->
        <test-method status="PASS" signature="verifytitle()[pri:1, instance:programs.positions@646153]" name="verifytitle" duration-ms="109" started-at="2020-10-08T20:47:07Z" finished-at="2020-10-08T20:47:07Z">
          <reporter-output>
          </reporter-output>
        </test-method> <!-- verifytitle -->
        <test-method status="PASS" signature="teardown(org.testng.ITestResult)[pri:0, instance:programs.positions@646153]" name="teardown" is-config="true" duration-ms="2730" started-at="2020-10-08T20:47:07Z" finished-at="2020-10-08T20:47:10Z">
          <params>
            <param index="0">
              <value>
                <![CDATA[[TestResult name=verifytitle status=SUCCESS method=positions.verifytitle()[pri:1, instance:programs.positions@646153] output={null}]]]>
              </value>
            </param>
          </params>
          <reporter-output>
          </reporter-output>
        </test-method> <!-- teardown -->
        <test-method status="PASS" signature="browserlaunch()[pri:0, instance:programs.positions@646153]" name="browserlaunch" is-config="true" duration-ms="4829" started-at="2020-10-08T20:47:37Z" finished-at="2020-10-08T20:47:41Z">
          <reporter-output>
          </reporter-output>
        </test-method> <!-- browserlaunch -->
        <test-method status="FAIL" signature="verifylog()[pri:2, instance:programs.positions@646153]" name="verifylog" duration-ms="52" started-at="2020-10-08T20:47:41Z" finished-at="2020-10-08T20:47:41Z">
          <exception class="java.lang.AssertionError">
            <message>
              <![CDATA[expected [false] but found [true]]]>
            </message>
            <full-stacktrace>
              <![CDATA[java.lang.AssertionError: expected [false] but found [true]
	at org.testng.Assert.fail(Assert.java:94)
	at org.testng.Assert.failNotEquals(Assert.java:513)
	at org.testng.Assert.assertFalse(Assert.java:63)
	at org.testng.Assert.assertFalse(Assert.java:73)
	at programs.positions.verifylog(positions.java:87)
	at sun.reflect.NativeMethodAccessorImpl.invoke0(Native Method)
	at sun.reflect.NativeMethodAccessorImpl.invoke(NativeMethodAccessorImpl.java:62)
	at sun.reflect.DelegatingMethodAccessorImpl.invoke(DelegatingMethodAccessorImpl.java:43)
	at java.lang.reflect.Method.invoke(Method.java:498)
	at org.testng.internal.MethodInvocationHelper.invokeMethod(MethodInvocationHelper.java:104)
	at org.testng.internal.Invoker.invokeMethod(Invoker.java:645)
	at org.testng.internal.Invoker.invokeTestMethod(Invoker.java:851)
	at org.testng.internal.Invoker.invokeTestMethods(Invoker.java:1177)
	at org.testng.internal.TestMethodWorker.invokeTestMethods(TestMethodWorker.java:129)
	at org.testng.internal.TestMethodWorker.run(TestMethodWorker.java:112)
	at org.testng.TestRunner.privateRun(TestRunner.java:756)
	at org.testng.TestRunner.run(TestRunner.java:610)
	at org.testng.SuiteRunner.runTest(SuiteRunner.java:387)
	at org.testng.SuiteRunner.runSequentially(SuiteRunner.java:382)
	at org.testng.SuiteRunner.privateRun(SuiteRunner.java:340)
	at org.testng.SuiteRunner.run(SuiteRunner.java:289)
	at org.testng.SuiteRunnerWorker.runSuite(SuiteRunnerWorker.java:52)
	at org.testng.SuiteRunnerWorker.run(SuiteRunnerWorker.java:86)
	at org.testng.TestNG.runSuitesSequentially(TestNG.java:1293)
	at org.testng.TestNG.runSuitesLocally(TestNG.java:1218)
	at org.testng.TestNG.runSuites(TestNG.java:1133)
	at org.testng.TestNG.run(TestNG.java:1104)
	at org.testng.remote.AbstractRemoteTestNG.run(AbstractRemoteTestNG.java:115)
	at org.testng.remote.RemoteTestNG.initAndRun(RemoteTestNG.java:251)
	at org.testng.remote.RemoteTestNG.main(RemoteTestNG.java:77)
]]>
            </full-stacktrace>
          </exception> <!-- java.lang.AssertionError -->
          <reporter-output>
          </reporter-output>
        </test-method> <!-- verifylog -->
        <test-method status="PASS" signature="teardown(org.testng.ITestResult)[pri:0, instance:programs.positions@646153]" name="teardown" is-config="true" duration-ms="2750" started-at="2020-10-08T20:47:41Z" finished-at="2020-10-08T20:47:44Z">
          <params>
            <param index="0">
              <value>
                <![CDATA[[TestResult name=verifylog status=FAILURE method=positions.verifylog()[pri:2, instance:programs.positions@646153] output={null}]]]>
              </value>
            </param>
          </params>
          <reporter-output>
          </reporter-output>
        </test-method> <!-- teardown -->
      </class> <!-- programs.positions -->
      <class name="programs.handleradobuttoandcheckbox">
        <test-method status="PASS" signature="launchthebrowser()[pri:0, instance:programs.handleradobuttoandcheckbox@3640d5]" name="launchthebrowser" is-config="true" duration-ms="7226" started-at="2020-10-08T20:47:10Z" finished-at="2020-10-08T20:47:17Z">
          <reporter-output>
          </reporter-output>
        </test-method> <!-- launchthebrowser -->
        <test-method status="PASS" signature="reportsetup()[pri:0, instance:programs.handleradobuttoandcheckbox@3640d5]" name="reportsetup" is-config="true" duration-ms="0" started-at="2020-10-08T20:47:10Z" finished-at="2020-10-08T20:47:10Z">
          <reporter-output>
          </reporter-output>
        </test-method> <!-- reportsetup -->
        <test-method status="FAIL" signature="handleradiobutton()[pri:1, instance:programs.handleradobuttoandcheckbox@3640d5]" name="handleradiobutton" duration-ms="446" started-at="2020-10-08T20:47:17Z" finished-at="2020-10-08T20:47:17Z">
          <exception class="java.lang.AssertionError">
            <message>
              <![CDATA[Lists differ at element [0]: c# != java expected [c#] but found [java]]]>
            </message>
            <full-stacktrace>
              <![CDATA[java.lang.AssertionError: Lists differ at element [0]: c# != java expected [c#] but found [java]
	at org.testng.Assert.fail(Assert.java:94)
	at org.testng.Assert.failNotEquals(Assert.java:513)
	at org.testng.Assert.assertEqualsImpl(Assert.java:135)
	at org.testng.Assert.assertEquals(Assert.java:568)
	at org.testng.Assert.assertEquals(Assert.java:533)
	at programs.handleradobuttoandcheckbox.handleradiobutton(handleradobuttoandcheckbox.java:101)
	at sun.reflect.NativeMethodAccessorImpl.invoke0(Native Method)
	at sun.reflect.NativeMethodAccessorImpl.invoke(NativeMethodAccessorImpl.java:62)
	at sun.reflect.DelegatingMethodAccessorImpl.invoke(DelegatingMethodAccessorImpl.java:43)
	at java.lang.reflect.Method.invoke(Method.java:498)
	at org.testng.internal.MethodInvocationHelper.invokeMethod(MethodInvocationHelper.java:104)
	at org.testng.internal.Invoker.invokeMethod(Invoker.java:645)
	at org.testng.internal.Invoker.invokeTestMethod(Invoker.java:851)
	at org.testng.internal.Invoker.invokeTestMethods(Invoker.java:1177)
	at org.testng.internal.TestMethodWorker.invokeTestMethods(TestMethodWorker.java:129)
	at org.testng.internal.TestMethodWorker.run(TestMethodWorker.java:112)
	at org.testng.TestRunner.privateRun(TestRunner.java:756)
	at org.testng.TestRunner.run(TestRunner.java:610)
	at org.testng.SuiteRunner.runTest(SuiteRunner.java:387)
	at org.testng.SuiteRunner.runSequentially(SuiteRunner.java:382)
	at org.testng.SuiteRunner.privateRun(SuiteRunner.java:340)
	at org.testng.SuiteRunner.run(SuiteRunner.java:289)
	at org.testng.SuiteRunnerWorker.runSuite(SuiteRunnerWorker.java:52)
	at org.testng.SuiteRunnerWorker.run(SuiteRunnerWorker.java:86)
	at org.testng.TestNG.runSuitesSequentially(TestNG.java:1293)
	at org.testng.TestNG.runSuitesLocally(TestNG.java:1218)
	at org.testng.TestNG.runSuites(TestNG.java:1133)
	at org.testng.TestNG.run(TestNG.java:1104)
	at org.testng.remote.AbstractRemoteTestNG.run(AbstractRemoteTestNG.java:115)
	at org.testng.remote.RemoteTestNG.initAndRun(RemoteTestNG.java:251)
	at org.testng.remote.RemoteTestNG.main(RemoteTestNG.java:77)
]]>
            </full-stacktrace>
          </exception> <!-- java.lang.AssertionError -->
          <reporter-output>
          </reporter-output>
        </test-method> <!-- handleradiobutton -->
        <test-method status="PASS" signature="teardown(org.testng.ITestResult)[pri:0, instance:programs.handleradobuttoandcheckbox@3640d5]" name="teardown" is-config="true" duration-ms="599" started-at="2020-10-08T20:47:17Z" finished-at="2020-10-08T20:47:18Z">
          <params>
            <param index="0">
              <value>
                <![CDATA[[TestResult name=handleradiobutton status=FAILURE method=handleradobuttoandcheckbox.handleradiobutton()[pri:1, instance:programs.handleradobuttoandcheckbox@3640d5] output={null}]]]>
              </value>
            </param>
          </params>
          <reporter-output>
          </reporter-output>
        </test-method> <!-- teardown -->
        <test-method status="PASS" signature="launchthebrowser()[pri:0, instance:programs.handleradobuttoandcheckbox@3640d5]" name="launchthebrowser" is-config="true" duration-ms="7786" started-at="2020-10-08T20:47:44Z" finished-at="2020-10-08T20:47:52Z">
          <reporter-output>
          </reporter-output>
        </test-method> <!-- launchthebrowser -->
        <test-method status="FAIL" signature="checkbox()[pri:2, instance:programs.handleradobuttoandcheckbox@3640d5]" name="checkbox" duration-ms="382" started-at="2020-10-08T20:47:52Z" finished-at="2020-10-08T20:47:52Z">
          <exception class="java.lang.AssertionError">
            <message>
              <![CDATA[Lists differ at element [0]: code != sing expected [code] but found [sing]]]>
            </message>
            <full-stacktrace>
              <![CDATA[java.lang.AssertionError: Lists differ at element [0]: code != sing expected [code] but found [sing]
	at org.testng.Assert.fail(Assert.java:94)
	at org.testng.Assert.failNotEquals(Assert.java:513)
	at org.testng.Assert.assertEqualsImpl(Assert.java:135)
	at org.testng.Assert.assertEquals(Assert.java:568)
	at org.testng.Assert.assertEquals(Assert.java:533)
	at programs.handleradobuttoandcheckbox.checkbox(handleradobuttoandcheckbox.java:134)
	at sun.reflect.NativeMethodAccessorImpl.invoke0(Native Method)
	at sun.reflect.NativeMethodAccessorImpl.invoke(NativeMethodAccessorImpl.java:62)
	at sun.reflect.DelegatingMethodAccessorImpl.invoke(DelegatingMethodAccessorImpl.java:43)
	at java.lang.reflect.Method.invoke(Method.java:498)
	at org.testng.internal.MethodInvocationHelper.invokeMethod(MethodInvocationHelper.java:104)
	at org.testng.internal.Invoker.invokeMethod(Invoker.java:645)
	at org.testng.internal.Invoker.invokeTestMethod(Invoker.java:851)
	at org.testng.internal.Invoker.invokeTestMethods(Invoker.java:1177)
	at org.testng.internal.TestMethodWorker.invokeTestMethods(TestMethodWorker.java:129)
	at org.testng.internal.TestMethodWorker.run(TestMethodWorker.java:112)
	at org.testng.TestRunner.privateRun(TestRunner.java:756)
	at org.testng.TestRunner.run(TestRunner.java:610)
	at org.testng.SuiteRunner.runTest(SuiteRunner.java:387)
	at org.testng.SuiteRunner.runSequentially(SuiteRunner.java:382)
	at org.testng.SuiteRunner.privateRun(SuiteRunner.java:340)
	at org.testng.SuiteRunner.run(SuiteRunner.java:289)
	at org.testng.SuiteRunnerWorker.runSuite(SuiteRunnerWorker.java:52)
	at org.testng.SuiteRunnerWorker.run(SuiteRunnerWorker.java:86)
	at org.testng.TestNG.runSuitesSequentially(TestNG.java:1293)
	at org.testng.TestNG.runSuitesLocally(TestNG.java:1218)
	at org.testng.TestNG.runSuites(TestNG.java:1133)
	at org.testng.TestNG.run(TestNG.java:1104)
	at org.testng.remote.AbstractRemoteTestNG.run(AbstractRemoteTestNG.java:115)
	at org.testng.remote.RemoteTestNG.initAndRun(RemoteTestNG.java:251)
	at org.testng.remote.RemoteTestNG.main(RemoteTestNG.java:77)
]]>
            </full-stacktrace>
          </exception> <!-- java.lang.AssertionError -->
          <reporter-output>
          </reporter-output>
        </test-method> <!-- checkbox -->
        <test-method status="PASS" signature="teardown(org.testng.ITestResult)[pri:0, instance:programs.handleradobuttoandcheckbox@3640d5]" name="teardown" is-config="true" duration-ms="2470" started-at="2020-10-08T20:47:52Z" finished-at="2020-10-08T20:47:55Z">
          <params>
            <param index="0">
              <value>
                <![CDATA[[TestResult name=checkbox status=FAILURE method=handleradobuttoandcheckbox.checkbox()[pri:2, instance:programs.handleradobuttoandcheckbox@3640d5] output={null}]]]>
              </value>
            </param>
          </params>
          <reporter-output>
          </reporter-output>
        </test-method> <!-- teardown -->
      </class> <!-- programs.handleradobuttoandcheckbox -->
      <class name="programs.writescript">
        <test-method status="FAIL" signature="dropdown6()[pri:8, instance:programs.writescript@1507a04]" name="dropdown6" duration-ms="5774" started-at="2020-10-08T20:48:24Z" finished-at="2020-10-08T20:48:29Z">
          <exception class="java.lang.AssertionError">
            <message>
              <![CDATA[failed: Lists differ at element [0]: Apr != Month expected [Apr] but found [Month]]]>
            </message>
            <full-stacktrace>
              <![CDATA[java.lang.AssertionError: failed: Lists differ at element [0]: Apr != Month expected [Apr] but found [Month]
	at org.testng.Assert.fail(Assert.java:94)
	at org.testng.Assert.failNotEquals(Assert.java:513)
	at org.testng.Assert.assertEqualsImpl(Assert.java:135)
	at org.testng.Assert.assertEquals(Assert.java:568)
	at programs.writescript.dropdown6(writescript.java:199)
	at sun.reflect.NativeMethodAccessorImpl.invoke0(Native Method)
	at sun.reflect.NativeMethodAccessorImpl.invoke(NativeMethodAccessorImpl.java:62)
	at sun.reflect.DelegatingMethodAccessorImpl.invoke(DelegatingMethodAccessorImpl.java:43)
	at java.lang.reflect.Method.invoke(Method.java:498)
	at org.testng.internal.MethodInvocationHelper.invokeMethod(MethodInvocationHelper.java:104)
	at org.testng.internal.Invoker.invokeMethod(Invoker.java:645)
	at org.testng.internal.Invoker.invokeTestMethod(Invoker.java:851)
	at org.testng.internal.Invoker.invokeTestMethods(Invoker.java:1177)
	at org.testng.internal.TestMethodWorker.invokeTestMethods(TestMethodWorker.java:129)
	at org.testng.internal.TestMethodWorker.run(TestMethodWorker.java:112)
	at org.testng.TestRunner.privateRun(TestRunner.java:756)
	at org.testng.TestRunner.run(TestRunner.java:610)
	at org.testng.SuiteRunner.runTest(SuiteRunner.java:387)
	at org.testng.SuiteRunner.runSequentially(SuiteRunner.java:382)
	at org.testng.SuiteRunner.privateRun(SuiteRunner.java:340)
	at org.testng.SuiteRunner.run(SuiteRunner.java:289)
	at org.testng.SuiteRunnerWorker.runSuite(SuiteRunnerWorker.java:52)
	at org.testng.SuiteRunnerWorker.run(SuiteRunnerWorker.java:86)
	at org.testng.TestNG.runSuitesSequentially(TestNG.java:1293)
	at org.testng.TestNG.runSuitesLocally(TestNG.java:1218)
	at org.testng.TestNG.runSuites(TestNG.java:1133)
	at org.testng.TestNG.run(TestNG.java:1104)
	at org.testng.remote.AbstractRemoteTestNG.run(AbstractRemoteTestNG.java:115)
	at org.testng.remote.RemoteTestNG.initAndRun(RemoteTestNG.java:251)
	at org.testng.remote.RemoteTestNG.main(RemoteTestNG.java:77)
]]>
            </full-stacktrace>
          </exception> <!-- java.lang.AssertionError -->
          <reporter-output>
          </reporter-output>
        </test-method> <!-- dropdown6 -->
      </class> <!-- programs.writescript -->
      <class name="programs.handlecalendertable">
        <test-method status="PASS" signature="reportsetup()[pri:0, instance:programs.handlecalendertable@95d394]" name="reportsetup" is-config="true" duration-ms="7778" started-at="2020-10-08T20:46:26Z" finished-at="2020-10-08T20:46:34Z">
          <reporter-output>
          </reporter-output>
        </test-method> <!-- reportsetup -->
        <test-method status="PASS" signature="calendertable1()[pri:0, instance:programs.handlecalendertable@95d394]" name="calendertable1" duration-ms="904" started-at="2020-10-08T20:46:34Z" finished-at="2020-10-08T20:46:35Z">
          <reporter-output>
          </reporter-output>
        </test-method> <!-- calendertable1 -->
        <test-method status="PASS" signature="teardown(org.testng.ITestResult)[pri:0, instance:programs.handlecalendertable@95d394]" name="teardown" is-config="true" duration-ms="1120" started-at="2020-10-08T20:46:35Z" finished-at="2020-10-08T20:46:36Z">
          <params>
            <param index="0">
              <value>
                <![CDATA[[TestResult name=calendertable1 status=SUCCESS method=handlecalendertable.calendertable1()[pri:0, instance:programs.handlecalendertable@95d394] output={null}]]]>
              </value>
            </param>
          </params>
          <reporter-output>
          </reporter-output>
        </test-method> <!-- teardown -->
      </class> <!-- programs.handlecalendertable -->
    </test> <!-- SampleTest -->
  </suite> <!-- Suite -->
</testng-results>
